TN:
SF:src/api/client.ts
FN:24,escapeFilterValue
FN:48,(anonymous_1)
FN:60,(anonymous_2)
FN:74,(anonymous_3)
FN:83,(anonymous_4)
FN:105,(anonymous_5)
FN:231,(anonymous_6)
FN:348,(anonymous_7)
FN:364,(anonymous_8)
FN:368,(anonymous_9)
FN:372,(anonymous_10)
FN:376,(anonymous_11)
FN:381,(anonymous_12)
FN:397,(anonymous_13)
FN:401,(anonymous_14)
FN:405,(anonymous_15)
FN:409,(anonymous_16)
FN:414,(anonymous_17)
FN:431,(anonymous_18)
FN:435,(anonymous_19)
FN:441,(anonymous_20)
FN:448,(anonymous_21)
FN:464,(anonymous_22)
FN:469,(anonymous_23)
FN:485,(anonymous_24)
FN:490,(anonymous_25)
FN:518,(anonymous_26)
FN:538,(anonymous_27)
FN:554,(anonymous_28)
FN:558,(anonymous_29)
FN:562,(anonymous_30)
FN:566,(anonymous_31)
FN:574,(anonymous_32)
FN:607,(anonymous_33)
FN:627,(anonymous_34)
FN:647,(anonymous_35)
FN:667,(anonymous_36)
FN:689,(anonymous_37)
FN:718,(anonymous_38)
FN:751,(anonymous_39)
FN:767,(anonymous_40)
FN:783,(anonymous_41)
FN:788,(anonymous_42)
FN:804,(anonymous_43)
FN:809,(anonymous_44)
FN:825,(anonymous_45)
FN:829,(anonymous_46)
FN:833,(anonymous_47)
FN:837,(anonymous_48)
FN:842,(anonymous_49)
FN:858,(anonymous_50)
FN:863,(anonymous_51)
FN:879,(anonymous_52)
FN:884,(anonymous_53)
FN:900,(anonymous_54)
FN:905,(anonymous_55)
FN:922,(anonymous_56)
FN:938,(anonymous_57)
FN:942,(anonymous_58)
FN:946,(anonymous_59)
FN:951,(anonymous_60)
FN:967,(anonymous_61)
FN:972,(anonymous_62)
FN:988,(anonymous_63)
FN:995,(anonymous_64)
FN:1011,(anonymous_65)
FN:1019,(anonymous_66)
FN:1035,(anonymous_67)
FN:1042,(anonymous_68)
FN:1050,(anonymous_69)
FN:1058,(anonymous_70)
FN:1063,(anonymous_71)
FN:1079,(anonymous_72)
FN:1083,(anonymous_73)
FN:1088,(anonymous_74)
FN:1104,(anonymous_75)
FN:1109,(anonymous_76)
FN:1125,(anonymous_77)
FN:1129,(anonymous_78)
FN:1133,(anonymous_79)
FN:1137,(anonymous_80)
FN:1142,(anonymous_81)
FN:1158,(anonymous_82)
FN:1162,(anonymous_83)
FN:1166,(anonymous_84)
FN:1170,(anonymous_85)
FN:1175,(anonymous_86)
FN:1191,(anonymous_87)
FN:1195,(anonymous_88)
FN:1199,(anonymous_89)
FN:1203,(anonymous_90)
FN:1208,(anonymous_91)
FN:1224,(anonymous_92)
FN:1228,(anonymous_93)
FN:1232,(anonymous_94)
FN:1236,(anonymous_95)
FN:1241,(anonymous_96)
FN:1257,(anonymous_97)
FN:1261,(anonymous_98)
FN:1265,(anonymous_99)
FN:1269,(anonymous_100)
FN:1274,(anonymous_101)
FN:1290,(anonymous_102)
FN:1294,(anonymous_103)
FN:1298,(anonymous_104)
FN:1302,(anonymous_105)
FN:1307,(anonymous_106)
FN:1323,(anonymous_107)
FN:1327,(anonymous_108)
FN:1331,(anonymous_109)
FN:1335,(anonymous_110)
FN:1340,(anonymous_111)
FN:1356,(anonymous_112)
FN:1360,(anonymous_113)
FN:1364,(anonymous_114)
FN:1368,(anonymous_115)
FN:1373,(anonymous_116)
FN:1389,(anonymous_117)
FN:1394,(anonymous_118)
FN:1410,(anonymous_119)
FN:1417,(anonymous_120)
FN:1433,(anonymous_121)
FN:1437,(anonymous_122)
FN:1441,(anonymous_123)
FN:1445,(anonymous_124)
FN:1450,(anonymous_125)
FN:1466,(anonymous_126)
FN:1470,(anonymous_127)
FN:1474,(anonymous_128)
FN:1478,(anonymous_129)
FN:1483,(anonymous_130)
FN:1488,(anonymous_131)
FN:1493,(anonymous_132)
FNF:133
FNH:1
FNDA:12,escapeFilterValue
FNDA:0,(anonymous_1)
FNDA:0,(anonymous_2)
FNDA:0,(anonymous_3)
FNDA:0,(anonymous_4)
FNDA:0,(anonymous_5)
FNDA:0,(anonymous_6)
FNDA:0,(anonymous_7)
FNDA:0,(anonymous_8)
FNDA:0,(anonymous_9)
FNDA:0,(anonymous_10)
FNDA:0,(anonymous_11)
FNDA:0,(anonymous_12)
FNDA:0,(anonymous_13)
FNDA:0,(anonymous_14)
FNDA:0,(anonymous_15)
FNDA:0,(anonymous_16)
FNDA:0,(anonymous_17)
FNDA:0,(anonymous_18)
FNDA:0,(anonymous_19)
FNDA:0,(anonymous_20)
FNDA:0,(anonymous_21)
FNDA:0,(anonymous_22)
FNDA:0,(anonymous_23)
FNDA:0,(anonymous_24)
FNDA:0,(anonymous_25)
FNDA:0,(anonymous_26)
FNDA:0,(anonymous_27)
FNDA:0,(anonymous_28)
FNDA:0,(anonymous_29)
FNDA:0,(anonymous_30)
FNDA:0,(anonymous_31)
FNDA:0,(anonymous_32)
FNDA:0,(anonymous_33)
FNDA:0,(anonymous_34)
FNDA:0,(anonymous_35)
FNDA:0,(anonymous_36)
FNDA:0,(anonymous_37)
FNDA:0,(anonymous_38)
FNDA:0,(anonymous_39)
FNDA:0,(anonymous_40)
FNDA:0,(anonymous_41)
FNDA:0,(anonymous_42)
FNDA:0,(anonymous_43)
FNDA:0,(anonymous_44)
FNDA:0,(anonymous_45)
FNDA:0,(anonymous_46)
FNDA:0,(anonymous_47)
FNDA:0,(anonymous_48)
FNDA:0,(anonymous_49)
FNDA:0,(anonymous_50)
FNDA:0,(anonymous_51)
FNDA:0,(anonymous_52)
FNDA:0,(anonymous_53)
FNDA:0,(anonymous_54)
FNDA:0,(anonymous_55)
FNDA:0,(anonymous_56)
FNDA:0,(anonymous_57)
FNDA:0,(anonymous_58)
FNDA:0,(anonymous_59)
FNDA:0,(anonymous_60)
FNDA:0,(anonymous_61)
FNDA:0,(anonymous_62)
FNDA:0,(anonymous_63)
FNDA:0,(anonymous_64)
FNDA:0,(anonymous_65)
FNDA:0,(anonymous_66)
FNDA:0,(anonymous_67)
FNDA:0,(anonymous_68)
FNDA:0,(anonymous_69)
FNDA:0,(anonymous_70)
FNDA:0,(anonymous_71)
FNDA:0,(anonymous_72)
FNDA:0,(anonymous_73)
FNDA:0,(anonymous_74)
FNDA:0,(anonymous_75)
FNDA:0,(anonymous_76)
FNDA:0,(anonymous_77)
FNDA:0,(anonymous_78)
FNDA:0,(anonymous_79)
FNDA:0,(anonymous_80)
FNDA:0,(anonymous_81)
FNDA:0,(anonymous_82)
FNDA:0,(anonymous_83)
FNDA:0,(anonymous_84)
FNDA:0,(anonymous_85)
FNDA:0,(anonymous_86)
FNDA:0,(anonymous_87)
FNDA:0,(anonymous_88)
FNDA:0,(anonymous_89)
FNDA:0,(anonymous_90)
FNDA:0,(anonymous_91)
FNDA:0,(anonymous_92)
FNDA:0,(anonymous_93)
FNDA:0,(anonymous_94)
FNDA:0,(anonymous_95)
FNDA:0,(anonymous_96)
FNDA:0,(anonymous_97)
FNDA:0,(anonymous_98)
FNDA:0,(anonymous_99)
FNDA:0,(anonymous_100)
FNDA:0,(anonymous_101)
FNDA:0,(anonymous_102)
FNDA:0,(anonymous_103)
FNDA:0,(anonymous_104)
FNDA:0,(anonymous_105)
FNDA:0,(anonymous_106)
FNDA:0,(anonymous_107)
FNDA:0,(anonymous_108)
FNDA:0,(anonymous_109)
FNDA:0,(anonymous_110)
FNDA:0,(anonymous_111)
FNDA:0,(anonymous_112)
FNDA:0,(anonymous_113)
FNDA:0,(anonymous_114)
FNDA:0,(anonymous_115)
FNDA:0,(anonymous_116)
FNDA:0,(anonymous_117)
FNDA:0,(anonymous_118)
FNDA:0,(anonymous_119)
FNDA:0,(anonymous_120)
FNDA:0,(anonymous_121)
FNDA:0,(anonymous_122)
FNDA:0,(anonymous_123)
FNDA:0,(anonymous_124)
FNDA:0,(anonymous_125)
FNDA:0,(anonymous_126)
FNDA:0,(anonymous_127)
FNDA:0,(anonymous_128)
FNDA:0,(anonymous_129)
FNDA:0,(anonymous_130)
FNDA:0,(anonymous_131)
FNDA:0,(anonymous_132)
DA:28,12
DA:49,0
DA:50,0
DA:51,0
DA:52,0
DA:61,0
DA:63,0
DA:64,0
DA:80,0
DA:82,0
DA:83,0
DA:84,0
DA:87,0
DA:92,0
DA:99,0
DA:100,0
DA:104,0
DA:105,0
DA:107,0
DA:113,0
DA:114,0
DA:118,0
DA:119,0
DA:137,0
DA:138,0
DA:139,0
DA:140,0
DA:142,0
DA:145,0
DA:146,0
DA:147,0
DA:148,0
DA:152,0
DA:153,0
DA:167,0
DA:181,0
DA:183,0
DA:184,0
DA:188,0
DA:201,0
DA:202,0
DA:205,0
DA:207,0
DA:215,0
DA:216,0
DA:219,0
DA:222,0
DA:235,0
DA:236,0
DA:237,0
DA:238,0
DA:239,0
DA:240,0
DA:242,0
DA:249,0
DA:250,0
DA:252,0
DA:260,0
DA:270,0
DA:271,0
DA:274,0
DA:275,0
DA:281,0
DA:285,0
DA:286,0
DA:290,0
DA:291,0
DA:293,0
DA:303,0
DA:304,0
DA:307,0
DA:310,0
DA:315,0
DA:319,0
DA:326,0
DA:355,0
DA:356,0
DA:358,0
DA:359,0
DA:361,0
DA:365,0
DA:369,0
DA:373,0
DA:377,0
DA:388,0
DA:389,0
DA:391,0
DA:392,0
DA:394,0
DA:398,0
DA:402,0
DA:406,0
DA:410,0
DA:422,0
DA:423,0
DA:425,0
DA:426,0
DA:428,0
DA:432,0
DA:436,0
DA:442,0
DA:455,0
DA:456,0
DA:458,0
DA:459,0
DA:461,0
DA:465,0
DA:476,0
DA:477,0
DA:479,0
DA:480,0
DA:482,0
DA:486,0
DA:501,0
DA:502,0
DA:504,0
DA:505,0
DA:510,0
DA:529,0
DA:545,0
DA:546,0
DA:548,0
DA:549,0
DA:551,0
DA:555,0
DA:559,0
DA:563,0
DA:567,0
DA:576,0
DA:578,0
DA:579,0
DA:590,0
DA:591,0
DA:594,0
DA:595,0
DA:596,0
DA:597,0
DA:598,0
DA:601,0
DA:602,0
DA:607,0
DA:608,0
DA:609,0
DA:612,0
DA:613,0
DA:615,0
DA:629,0
DA:631,0
DA:632,0
DA:643,0
DA:646,0
DA:647,0
DA:648,0
DA:650,0
DA:653,0
DA:654,0
DA:655,0
DA:656,0
DA:657,0
DA:660,0
DA:661,0
DA:667,0
DA:668,0
DA:669,0
DA:672,0
DA:675,0
DA:676,0
DA:678,0
DA:691,0
DA:693,0
DA:694,0
DA:705,0
DA:706,0
DA:708,0
DA:720,0
DA:722,0
DA:723,0
DA:734,0
DA:735,0
DA:738,0
DA:739,0
DA:740,0
DA:741,0
DA:742,0
DA:745,0
DA:746,0
DA:751,0
DA:752,0
DA:753,0
DA:756,0
DA:757,0
DA:759,0
DA:774,0
DA:775,0
DA:777,0
DA:778,0
DA:780,0
DA:784,0
DA:795,0
DA:796,0
DA:798,0
DA:799,0
DA:801,0
DA:805,0
DA:816,0
DA:817,0
DA:819,0
DA:820,0
DA:822,0
DA:826,0
DA:830,0
DA:834,0
DA:838,0
DA:849,0
DA:850,0
DA:852,0
DA:853,0
DA:855,0
DA:859,0
DA:870,0
DA:871,0
DA:873,0
DA:874,0
DA:876,0
DA:880,0
DA:891,0
DA:892,0
DA:894,0
DA:895,0
DA:897,0
DA:901,0
DA:912,0
DA:913,0
DA:915,0
DA:916,0
DA:918,0
DA:929,0
DA:930,0
DA:932,0
DA:933,0
DA:935,0
DA:939,0
DA:943,0
DA:947,0
DA:958,0
DA:959,0
DA:961,0
DA:962,0
DA:964,0
DA:968,0
DA:979,0
DA:980,0
DA:982,0
DA:983,0
DA:985,0
DA:989,0
DA:1002,0
DA:1003,0
DA:1005,0
DA:1006,0
DA:1008,0
DA:1014,0
DA:1015,0
DA:1026,0
DA:1027,0
DA:1029,0
DA:1030,0
DA:1032,0
DA:1038,0
DA:1039,0
DA:1047,0
DA:1055,0
DA:1059,0
DA:1070,0
DA:1071,0
DA:1073,0
DA:1074,0
DA:1076,0
DA:1080,0
DA:1084,0
DA:1095,0
DA:1096,0
DA:1098,0
DA:1099,0
DA:1101,0
DA:1105,0
DA:1116,0
DA:1117,0
DA:1119,0
DA:1120,0
DA:1122,0
DA:1126,0
DA:1130,0
DA:1134,0
DA:1138,0
DA:1149,0
DA:1150,0
DA:1152,0
DA:1153,0
DA:1155,0
DA:1159,0
DA:1163,0
DA:1167,0
DA:1171,0
DA:1182,0
DA:1183,0
DA:1185,0
DA:1186,0
DA:1188,0
DA:1192,0
DA:1196,0
DA:1200,0
DA:1204,0
DA:1215,0
DA:1216,0
DA:1218,0
DA:1219,0
DA:1221,0
DA:1225,0
DA:1229,0
DA:1233,0
DA:1237,0
DA:1248,0
DA:1249,0
DA:1251,0
DA:1252,0
DA:1254,0
DA:1258,0
DA:1262,0
DA:1266,0
DA:1270,0
DA:1281,0
DA:1282,0
DA:1284,0
DA:1285,0
DA:1287,0
DA:1291,0
DA:1295,0
DA:1299,0
DA:1303,0
DA:1314,0
DA:1315,0
DA:1317,0
DA:1318,0
DA:1320,0
DA:1324,0
DA:1328,0
DA:1332,0
DA:1336,0
DA:1347,0
DA:1348,0
DA:1350,0
DA:1351,0
DA:1353,0
DA:1357,0
DA:1361,0
DA:1365,0
DA:1369,0
DA:1380,0
DA:1381,0
DA:1383,0
DA:1384,0
DA:1386,0
DA:1390,0
DA:1401,0
DA:1402,0
DA:1404,0
DA:1405,0
DA:1407,0
DA:1411,0
DA:1424,0
DA:1425,0
DA:1427,0
DA:1428,0
DA:1430,0
DA:1434,0
DA:1438,0
DA:1442,0
DA:1446,0
DA:1457,0
DA:1458,0
DA:1460,0
DA:1461,0
DA:1463,0
DA:1467,0
DA:1471,0
DA:1475,0
DA:1479,0
DA:1484,0
DA:1489,0
DA:1498,0
LF:391
LH:1
BRDA:51,0,0,0
BRDA:51,0,1,0
BRDA:61,1,0,0
BRDA:66,2,0,0
BRDA:66,2,1,0
BRDA:66,3,0,0
BRDA:66,3,1,0
BRDA:67,4,0,0
BRDA:67,4,1,0
BRDA:82,5,0,0
BRDA:84,6,0,0
BRDA:84,7,0,0
BRDA:84,7,1,0
BRDA:99,8,0,0
BRDA:113,9,0,0
BRDA:126,10,0,0
BRDA:126,10,1,0
BRDA:129,11,0,0
BRDA:129,11,1,0
BRDA:131,12,0,0
BRDA:131,12,1,0
BRDA:131,13,0,0
BRDA:131,13,1,0
BRDA:146,14,0,0
BRDA:152,15,0,0
BRDA:152,15,1,0
BRDA:172,16,0,0
BRDA:172,16,1,0
BRDA:181,17,0,0
BRDA:183,18,0,0
BRDA:193,19,0,0
BRDA:193,19,1,0
BRDA:193,19,2,0
BRDA:205,20,0,0
BRDA:205,20,1,0
BRDA:212,21,0,0
BRDA:212,21,1,0
BRDA:215,22,0,0
BRDA:235,23,0,0
BRDA:235,23,1,0
BRDA:236,24,0,0
BRDA:236,24,1,0
BRDA:264,25,0,0
BRDA:264,25,1,0
BRDA:270,26,0,0
BRDA:270,27,0,0
BRDA:270,27,1,0
BRDA:274,28,0,0
BRDA:274,29,0,0
BRDA:274,29,1,0
BRDA:285,30,0,0
BRDA:286,31,0,0
BRDA:286,31,1,0
BRDA:290,32,0,0
BRDA:290,32,1,0
BRDA:303,33,0,0
BRDA:303,33,1,0
BRDA:303,34,0,0
BRDA:303,34,1,0
BRDA:313,35,0,0
BRDA:313,35,1,0
BRDA:355,36,0,0
BRDA:355,37,0,0
BRDA:355,37,1,0
BRDA:358,38,0,0
BRDA:388,39,0,0
BRDA:388,40,0,0
BRDA:388,40,1,0
BRDA:391,41,0,0
BRDA:422,42,0,0
BRDA:422,43,0,0
BRDA:422,43,1,0
BRDA:425,44,0,0
BRDA:437,45,0,0
BRDA:437,45,1,0
BRDA:455,46,0,0
BRDA:455,47,0,0
BRDA:455,47,1,0
BRDA:458,48,0,0
BRDA:476,49,0,0
BRDA:476,50,0,0
BRDA:476,50,1,0
BRDA:479,51,0,0
BRDA:501,52,0,0
BRDA:501,53,0,0
BRDA:501,53,1,0
BRDA:504,54,0,0
BRDA:545,55,0,0
BRDA:545,56,0,0
BRDA:545,56,1,0
BRDA:548,57,0,0
BRDA:578,58,0,0
BRDA:578,59,0,0
BRDA:578,59,1,0
BRDA:609,60,0,0
BRDA:609,60,1,0
BRDA:631,61,0,0
BRDA:631,62,0,0
BRDA:631,62,1,0
BRDA:646,63,0,0
BRDA:646,64,0,0
BRDA:646,64,1,0
BRDA:669,65,0,0
BRDA:669,65,1,0
BRDA:693,66,0,0
BRDA:693,67,0,0
BRDA:693,67,1,0
BRDA:722,68,0,0
BRDA:722,69,0,0
BRDA:722,69,1,0
BRDA:753,70,0,0
BRDA:753,70,1,0
BRDA:774,71,0,0
BRDA:774,72,0,0
BRDA:774,72,1,0
BRDA:777,73,0,0
BRDA:795,74,0,0
BRDA:795,75,0,0
BRDA:795,75,1,0
BRDA:798,76,0,0
BRDA:816,77,0,0
BRDA:816,78,0,0
BRDA:816,78,1,0
BRDA:819,79,0,0
BRDA:849,80,0,0
BRDA:849,81,0,0
BRDA:849,81,1,0
BRDA:852,82,0,0
BRDA:870,83,0,0
BRDA:870,84,0,0
BRDA:870,84,1,0
BRDA:873,85,0,0
BRDA:891,86,0,0
BRDA:891,87,0,0
BRDA:891,87,1,0
BRDA:894,88,0,0
BRDA:912,89,0,0
BRDA:912,90,0,0
BRDA:912,90,1,0
BRDA:915,91,0,0
BRDA:929,92,0,0
BRDA:929,93,0,0
BRDA:929,93,1,0
BRDA:932,94,0,0
BRDA:958,95,0,0
BRDA:958,96,0,0
BRDA:958,96,1,0
BRDA:961,97,0,0
BRDA:979,98,0,0
BRDA:979,99,0,0
BRDA:979,99,1,0
BRDA:982,100,0,0
BRDA:1002,101,0,0
BRDA:1002,102,0,0
BRDA:1002,102,1,0
BRDA:1005,103,0,0
BRDA:1014,104,0,0
BRDA:1014,104,1,0
BRDA:1026,105,0,0
BRDA:1026,106,0,0
BRDA:1026,106,1,0
BRDA:1029,107,0,0
BRDA:1038,108,0,0
BRDA:1038,108,1,0
BRDA:1070,109,0,0
BRDA:1070,110,0,0
BRDA:1070,110,1,0
BRDA:1073,111,0,0
BRDA:1095,112,0,0
BRDA:1095,113,0,0
BRDA:1095,113,1,0
BRDA:1098,114,0,0
BRDA:1116,115,0,0
BRDA:1116,116,0,0
BRDA:1116,116,1,0
BRDA:1119,117,0,0
BRDA:1149,118,0,0
BRDA:1149,119,0,0
BRDA:1149,119,1,0
BRDA:1152,120,0,0
BRDA:1182,121,0,0
BRDA:1182,122,0,0
BRDA:1182,122,1,0
BRDA:1185,123,0,0
BRDA:1215,124,0,0
BRDA:1215,125,0,0
BRDA:1215,125,1,0
BRDA:1218,126,0,0
BRDA:1248,127,0,0
BRDA:1248,128,0,0
BRDA:1248,128,1,0
BRDA:1251,129,0,0
BRDA:1281,130,0,0
BRDA:1281,131,0,0
BRDA:1281,131,1,0
BRDA:1284,132,0,0
BRDA:1314,133,0,0
BRDA:1314,134,0,0
BRDA:1314,134,1,0
BRDA:1317,135,0,0
BRDA:1347,136,0,0
BRDA:1347,137,0,0
BRDA:1347,137,1,0
BRDA:1350,138,0,0
BRDA:1380,139,0,0
BRDA:1380,140,0,0
BRDA:1380,140,1,0
BRDA:1383,141,0,0
BRDA:1401,142,0,0
BRDA:1401,143,0,0
BRDA:1401,143,1,0
BRDA:1404,144,0,0
BRDA:1424,145,0,0
BRDA:1424,146,0,0
BRDA:1424,146,1,0
BRDA:1427,147,0,0
BRDA:1457,148,0,0
BRDA:1457,149,0,0
BRDA:1457,149,1,0
BRDA:1460,150,0,0
BRF:220
BRH:0
end_of_record
TN:
SF:src/api/handlers.ts
FN:107,filterFields
FN:118,(anonymous_1)
FN:120,(anonymous_2)
FN:141,(anonymous_3)
FN:159,(anonymous_4)
FN:184,(anonymous_5)
FN:212,(anonymous_6)
FN:230,(anonymous_7)
FN:252,(anonymous_8)
FN:269,(anonymous_9)
FN:299,(anonymous_10)
FN:352,(anonymous_11)
FN:386,(anonymous_12)
FN:413,(anonymous_13)
FN:466,(anonymous_14)
FN:523,(anonymous_15)
FN:550,(anonymous_16)
FN:577,(anonymous_17)
FN:623,(anonymous_18)
FN:650,(anonymous_19)
FN:677,(anonymous_20)
FN:704,(anonymous_21)
FN:726,(anonymous_22)
FN:768,(anonymous_23)
FN:795,(anonymous_24)
FN:854,(anonymous_25)
FN:890,(anonymous_26)
FN:1389,(anonymous_27)
FNF:28
FNH:0
FNDA:0,filterFields
FNDA:0,(anonymous_1)
FNDA:0,(anonymous_2)
FNDA:0,(anonymous_3)
FNDA:0,(anonymous_4)
FNDA:0,(anonymous_5)
FNDA:0,(anonymous_6)
FNDA:0,(anonymous_7)
FNDA:0,(anonymous_8)
FNDA:0,(anonymous_9)
FNDA:0,(anonymous_10)
FNDA:0,(anonymous_11)
FNDA:0,(anonymous_12)
FNDA:0,(anonymous_13)
FNDA:0,(anonymous_14)
FNDA:0,(anonymous_15)
FNDA:0,(anonymous_16)
FNDA:0,(anonymous_17)
FNDA:0,(anonymous_18)
FNDA:0,(anonymous_19)
FNDA:0,(anonymous_20)
FNDA:0,(anonymous_21)
FNDA:0,(anonymous_22)
FNDA:0,(anonymous_23)
FNDA:0,(anonymous_24)
FNDA:0,(anonymous_25)
FNDA:0,(anonymous_26)
FNDA:0,(anonymous_27)
DA:13,0
DA:19,0
DA:25,0
DA:30,0
DA:35,0
DA:40,0
DA:45,0
DA:50,0
DA:55,0
DA:60,0
DA:65,0
DA:70,0
DA:75,0
DA:80,0
DA:85,0
DA:89,0
DA:94,0
DA:99,0
DA:108,0
DA:109,0
DA:110,0
DA:111,0
DA:114,0
DA:118,0
DA:121,0
DA:122,0
DA:125,0
DA:134,0
DA:135,0
DA:139,0
DA:142,0
DA:148,0
DA:154,0
DA:156,0
DA:157,0
DA:160,0
DA:165,0
DA:166,0
DA:167,0
DA:168,0
DA:170,0
DA:171,0
DA:181,0
DA:184,0
DA:193,0
DA:198,0
DA:199,0
DA:200,0
DA:201,0
DA:202,0
DA:207,0
DA:209,0
DA:210,0
DA:213,0
DA:214,0
DA:217,0
DA:227,0
DA:230,0
DA:239,0
DA:240,0
DA:247,0
DA:249,0
DA:250,0
DA:253,0
DA:256,0
DA:266,0
DA:269,0
DA:278,0
DA:285,0
DA:293,0
DA:294,0
DA:297,0
DA:300,0
DA:306,0
DA:311,0
DA:314,0
DA:315,0
DA:316,0
DA:317,0
DA:318,0
DA:322,0
DA:323,0
DA:329,0
DA:335,0
DA:345,0
DA:346,0
DA:350,0
DA:353,0
DA:359,0
DA:365,0
DA:368,0
DA:372,0
DA:380,0
DA:381,0
DA:384,0
DA:387,0
DA:393,0
DA:399,0
DA:407,0
DA:408,0
DA:411,0
DA:414,0
DA:420,0
DA:426,0
DA:438,0
DA:452,0
DA:460,0
DA:461,0
DA:464,0
DA:467,0
DA:473,0
DA:478,0
DA:481,0
DA:482,0
DA:483,0
DA:484,0
DA:488,0
DA:489,0
DA:493,0
DA:496,0
DA:499,0
DA:502,0
DA:505,0
DA:509,0
DA:517,0
DA:518,0
DA:521,0
DA:524,0
DA:530,0
DA:536,0
DA:544,0
DA:545,0
DA:548,0
DA:551,0
DA:557,0
DA:563,0
DA:571,0
DA:572,0
DA:575,0
DA:578,0
DA:584,0
DA:589,0
DA:594,0
DA:595,0
DA:596,0
DA:600,0
DA:601,0
DA:605,0
DA:609,0
DA:617,0
DA:618,0
DA:621,0
DA:624,0
DA:630,0
DA:636,0
DA:644,0
DA:645,0
DA:648,0
DA:651,0
DA:657,0
DA:663,0
DA:671,0
DA:672,0
DA:675,0
DA:678,0
DA:684,0
DA:690,0
DA:698,0
DA:699,0
DA:702,0
DA:705,0
DA:712,0
DA:720,0
DA:721,0
DA:724,0
DA:727,0
DA:733,0
DA:738,0
DA:745,0
DA:746,0
DA:750,0
DA:754,0
DA:762,0
DA:763,0
DA:766,0
DA:769,0
DA:775,0
DA:781,0
DA:789,0
DA:790,0
DA:793,0
DA:796,0
DA:802,0
DA:810,0
DA:821,0
DA:823,0
DA:827,0
DA:830,0
DA:840,0
DA:848,0
DA:849,0
DA:852,0
DA:855,0
DA:861,0
DA:866,0
DA:876,0
DA:884,0
DA:885,0
DA:888,0
DA:891,0
DA:897,0
DA:902,0
DA:906,0
DA:907,0
DA:911,0
DA:912,0
DA:913,0
DA:914,0
DA:915,0
DA:919,0
DA:923,0
DA:932,0
DA:937,0
DA:938,0
DA:939,0
DA:940,0
DA:945,0
DA:954,0
DA:960,0
DA:969,0
DA:974,0
DA:978,0
DA:979,0
DA:983,0
DA:984,0
DA:985,0
DA:986,0
DA:987,0
DA:991,0
DA:995,0
DA:1004,0
DA:1009,0
DA:1013,0
DA:1014,0
DA:1015,0
DA:1019,0
DA:1020,0
DA:1021,0
DA:1022,0
DA:1023,0
DA:1027,0
DA:1031,0
DA:1040,0
DA:1045,0
DA:1048,0
DA:1049,0
DA:1050,0
DA:1054,0
DA:1055,0
DA:1056,0
DA:1057,0
DA:1058,0
DA:1062,0
DA:1066,0
DA:1075,0
DA:1080,0
DA:1085,0
DA:1086,0
DA:1087,0
DA:1088,0
DA:1092,0
DA:1093,0
DA:1094,0
DA:1095,0
DA:1096,0
DA:1097,0
DA:1098,0
DA:1102,0
DA:1106,0
DA:1115,0
DA:1120,0
DA:1124,0
DA:1125,0
DA:1126,0
DA:1130,0
DA:1131,0
DA:1132,0
DA:1133,0
DA:1134,0
DA:1138,0
DA:1142,0
DA:1151,0
DA:1156,0
DA:1160,0
DA:1161,0
DA:1162,0
DA:1166,0
DA:1167,0
DA:1168,0
DA:1169,0
DA:1173,0
DA:1177,0
DA:1186,0
DA:1191,0
DA:1194,0
DA:1195,0
DA:1196,0
DA:1200,0
DA:1201,0
DA:1202,0
DA:1203,0
DA:1207,0
DA:1211,0
DA:1220,0
DA:1225,0
DA:1228,0
DA:1229,0
DA:1233,0
DA:1234,0
DA:1235,0
DA:1236,0
DA:1240,0
DA:1244,0
DA:1253,0
DA:1259,0
DA:1268,0
DA:1276,0
DA:1285,0
DA:1290,0
DA:1295,0
DA:1296,0
DA:1297,0
DA:1298,0
DA:1302,0
DA:1303,0
DA:1304,0
DA:1305,0
DA:1306,0
DA:1310,0
DA:1314,0
DA:1323,0
DA:1328,0
DA:1332,0
DA:1333,0
DA:1334,0
DA:1338,0
DA:1339,0
DA:1340,0
DA:1341,0
DA:1342,0
DA:1346,0
DA:1350,0
DA:1356,0
DA:1362,0
DA:1369,0
DA:1373,0
DA:1375,0
DA:1377,0
DA:1378,0
DA:1382,0
DA:1383,0
DA:1385,0
DA:1390,0
LF:363
LH:0
BRDA:110,0,0,0
BRDA:122,1,0,0
BRDA:122,1,1,0
BRDA:122,1,2,0
BRDA:122,1,3,0
BRDA:122,1,4,0
BRDA:122,1,5,0
BRDA:122,1,6,0
BRDA:122,1,7,0
BRDA:122,1,8,0
BRDA:122,1,9,0
BRDA:122,1,10,0
BRDA:122,1,11,0
BRDA:122,1,12,0
BRDA:122,1,13,0
BRDA:122,1,14,0
BRDA:122,1,15,0
BRDA:122,1,16,0
BRDA:122,1,17,0
BRDA:122,1,18,0
BRDA:122,1,19,0
BRDA:122,1,20,0
BRDA:122,1,21,0
BRDA:122,1,22,0
BRDA:122,1,23,0
BRDA:122,1,24,0
BRDA:122,1,25,0
BRDA:122,1,26,0
BRDA:122,1,27,0
BRDA:122,1,28,0
BRDA:122,1,29,0
BRDA:122,1,30,0
BRDA:122,1,31,0
BRDA:122,1,32,0
BRDA:122,1,33,0
BRDA:122,1,34,0
BRDA:122,1,35,0
BRDA:122,1,36,0
BRDA:122,1,37,0
BRDA:122,1,38,0
BRDA:122,1,39,0
BRDA:122,1,40,0
BRDA:122,1,41,0
BRDA:122,1,42,0
BRDA:122,1,43,0
BRDA:122,1,44,0
BRDA:122,1,45,0
BRDA:122,1,46,0
BRDA:122,1,47,0
BRDA:122,1,48,0
BRDA:122,1,49,0
BRDA:122,1,50,0
BRDA:122,1,51,0
BRDA:122,1,52,0
BRDA:122,1,53,0
BRDA:122,1,54,0
BRDA:122,1,55,0
BRDA:122,1,56,0
BRDA:122,1,57,0
BRDA:122,1,58,0
BRDA:122,1,59,0
BRDA:122,1,60,0
BRDA:122,1,61,0
BRDA:122,1,62,0
BRDA:122,1,63,0
BRDA:122,1,64,0
BRDA:122,1,65,0
BRDA:122,1,66,0
BRDA:122,1,67,0
BRDA:122,1,68,0
BRDA:122,1,69,0
BRDA:122,1,70,0
BRDA:122,1,71,0
BRDA:122,1,72,0
BRDA:122,1,73,0
BRDA:122,1,74,0
BRDA:122,1,75,0
BRDA:122,1,76,0
BRDA:122,1,77,0
BRDA:122,1,78,0
BRDA:122,1,79,0
BRDA:122,1,80,0
BRDA:122,1,81,0
BRDA:122,1,82,0
BRDA:122,1,83,0
BRDA:122,1,84,0
BRDA:122,1,85,0
BRDA:122,1,86,0
BRDA:122,1,87,0
BRDA:122,1,88,0
BRDA:122,1,89,0
BRDA:122,1,90,0
BRDA:122,1,91,0
BRDA:122,1,92,0
BRDA:122,1,93,0
BRDA:122,1,94,0
BRDA:122,1,95,0
BRDA:122,1,96,0
BRDA:122,1,97,0
BRDA:122,1,98,0
BRDA:122,1,99,0
BRDA:122,1,100,0
BRDA:122,1,101,0
BRDA:122,1,102,0
BRDA:122,1,103,0
BRDA:122,1,104,0
BRDA:122,1,105,0
BRDA:122,1,106,0
BRDA:122,1,107,0
BRDA:122,1,108,0
BRDA:122,1,109,0
BRDA:122,1,110,0
BRDA:122,1,111,0
BRDA:122,1,112,0
BRDA:122,1,113,0
BRDA:122,1,114,0
BRDA:122,1,115,0
BRDA:122,1,116,0
BRDA:122,1,117,0
BRDA:122,1,118,0
BRDA:122,1,119,0
BRDA:122,1,120,0
BRDA:122,1,121,0
BRDA:122,1,122,0
BRDA:122,1,123,0
BRDA:122,1,124,0
BRDA:122,1,125,0
BRDA:134,2,0,0
BRDA:154,3,0,0
BRDA:154,4,0,0
BRDA:154,4,1,0
BRDA:156,5,0,0
BRDA:156,5,1,0
BRDA:165,6,0,0
BRDA:166,7,0,0
BRDA:167,8,0,0
BRDA:168,9,0,0
BRDA:174,10,0,0
BRDA:174,10,1,0
BRDA:175,11,0,0
BRDA:175,11,1,0
BRDA:187,12,0,0
BRDA:187,12,1,0
BRDA:198,13,0,0
BRDA:199,14,0,0
BRDA:200,15,0,0
BRDA:201,16,0,0
BRDA:207,17,0,0
BRDA:207,18,0,0
BRDA:207,18,1,0
BRDA:209,19,0,0
BRDA:209,19,1,0
BRDA:215,20,0,0
BRDA:215,20,1,0
BRDA:220,21,0,0
BRDA:220,21,1,0
BRDA:221,22,0,0
BRDA:221,22,1,0
BRDA:233,23,0,0
BRDA:233,23,1,0
BRDA:241,24,0,0
BRDA:241,24,1,0
BRDA:247,25,0,0
BRDA:247,26,0,0
BRDA:247,26,1,0
BRDA:249,27,0,0
BRDA:249,27,1,0
BRDA:259,28,0,0
BRDA:259,28,1,0
BRDA:260,29,0,0
BRDA:260,29,1,0
BRDA:272,30,0,0
BRDA:272,30,1,0
BRDA:293,31,0,0
BRDA:314,32,0,0
BRDA:315,33,0,0
BRDA:316,34,0,0
BRDA:317,35,0,0
BRDA:324,36,0,0
BRDA:324,36,1,0
BRDA:345,37,0,0
BRDA:380,38,0,0
BRDA:407,39,0,0
BRDA:460,40,0,0
BRDA:481,41,0,0
BRDA:482,42,0,0
BRDA:483,43,0,0
BRDA:517,44,0,0
BRDA:544,45,0,0
BRDA:571,46,0,0
BRDA:594,47,0,0
BRDA:595,48,0,0
BRDA:617,49,0,0
BRDA:644,50,0,0
BRDA:671,51,0,0
BRDA:698,52,0,0
BRDA:720,53,0,0
BRDA:745,54,0,0
BRDA:762,55,0,0
BRDA:789,56,0,0
BRDA:821,57,0,0
BRDA:821,57,1,0
BRDA:821,58,0,0
BRDA:821,58,1,0
BRDA:848,59,0,0
BRDA:884,60,0,0
BRDA:906,61,0,0
BRDA:912,62,0,0
BRDA:913,63,0,0
BRDA:914,64,0,0
BRDA:938,65,0,0
BRDA:939,66,0,0
BRDA:976,67,0,0
BRDA:976,67,1,0
BRDA:978,68,0,0
BRDA:984,69,0,0
BRDA:985,70,0,0
BRDA:986,71,0,0
BRDA:1013,72,0,0
BRDA:1014,73,0,0
BRDA:1020,74,0,0
BRDA:1021,75,0,0
BRDA:1022,76,0,0
BRDA:1048,77,0,0
BRDA:1049,78,0,0
BRDA:1055,79,0,0
BRDA:1056,80,0,0
BRDA:1057,81,0,0
BRDA:1082,82,0,0
BRDA:1082,82,1,0
BRDA:1085,83,0,0
BRDA:1086,84,0,0
BRDA:1087,85,0,0
BRDA:1093,86,0,0
BRDA:1094,87,0,0
BRDA:1095,88,0,0
BRDA:1096,89,0,0
BRDA:1097,90,0,0
BRDA:1122,91,0,0
BRDA:1122,91,1,0
BRDA:1124,92,0,0
BRDA:1125,93,0,0
BRDA:1131,94,0,0
BRDA:1132,95,0,0
BRDA:1133,96,0,0
BRDA:1158,97,0,0
BRDA:1158,97,1,0
BRDA:1160,98,0,0
BRDA:1161,99,0,0
BRDA:1167,100,0,0
BRDA:1168,101,0,0
BRDA:1194,102,0,0
BRDA:1195,103,0,0
BRDA:1201,104,0,0
BRDA:1202,105,0,0
BRDA:1228,106,0,0
BRDA:1234,107,0,0
BRDA:1235,108,0,0
BRDA:1293,109,0,0
BRDA:1293,109,1,0
BRDA:1295,110,0,0
BRDA:1296,111,0,0
BRDA:1297,112,0,0
BRDA:1303,113,0,0
BRDA:1304,114,0,0
BRDA:1305,115,0,0
BRDA:1332,116,0,0
BRDA:1333,117,0,0
BRDA:1339,118,0,0
BRDA:1340,119,0,0
BRDA:1341,120,0,0
BRDA:1373,121,0,0
BRDA:1382,122,0,0
BRF:273
BRH:0
end_of_record
TN:
SF:src/api/tools.ts
FN:3226,getLogicMonitorTools
FN:3232,(anonymous_1)
FNF:2
FNH:0
FNDA:0,getLogicMonitorTools
FNDA:0,(anonymous_1)
DA:11,0
DA:30,0
DA:41,0
DA:50,0
DA:3227,0
DA:3228,0
DA:3232,0
DA:3233,0
DA:3234,0
LF:9
LH:0
BRDA:3226,0,0,0
BRDA:3227,1,0,0
BRF:2
BRH:0
end_of_record
TN:
SF:src/servers/http-server.ts
FN:92,ensureAuthenticated
FN:122,createMCPServer
FN:136,(anonymous_2)
FN:143,(anonymous_3)
FN:200,(anonymous_4)
FN:265,(anonymous_5)
FN:297,(anonymous_6)
FN:298,(anonymous_7)
FN:304,(anonymous_8)
FN:315,(anonymous_9)
FN:332,(anonymous_10)
FN:339,(anonymous_11)
FN:345,(anonymous_12)
FN:357,(anonymous_13)
FNF:14
FNH:0
FNDA:0,ensureAuthenticated
FNDA:0,createMCPServer
FNDA:0,(anonymous_2)
FNDA:0,(anonymous_3)
FNDA:0,(anonymous_4)
FNDA:0,(anonymous_5)
FNDA:0,(anonymous_6)
FNDA:0,(anonymous_7)
FNDA:0,(anonymous_8)
FNDA:0,(anonymous_9)
FNDA:0,(anonymous_10)
FNDA:0,(anonymous_11)
FNDA:0,(anonymous_12)
FNDA:0,(anonymous_13)
DA:28,0
DA:39,0
DA:40,0
DA:43,0
DA:44,0
DA:45,0
DA:46,0
DA:47,0
DA:48,0
DA:49,0
DA:50,0
DA:51,0
DA:52,0
DA:53,0
DA:56,0
DA:57,0
DA:58,0
DA:59,0
DA:60,0
DA:63,0
DA:66,0
DA:69,0
DA:74,0
DA:76,0
DA:88,0
DA:89,0
DA:93,0
DA:94,0
DA:96,0
DA:100,0
DA:101,0
DA:103,0
DA:104,0
DA:108,0
DA:109,0
DA:111,0
DA:112,0
DA:116,0
DA:119,0
DA:123,0
DA:136,0
DA:137,0
DA:143,0
DA:144,0
DA:146,0
DA:147,0
DA:148,0
DA:151,0
DA:153,0
DA:162,0
DA:167,0
DA:169,0
DA:170,0
DA:172,0
DA:178,0
DA:182,0
DA:194,0
DA:200,0
DA:201,0
DA:202,0
DA:259,0
DA:260,0
DA:262,0
DA:267,0
DA:268,0
DA:269,0
DA:271,0
DA:279,0
DA:280,0
DA:283,0
DA:284,0
DA:285,0
DA:286,0
DA:287,0
DA:292,0
DA:297,0
DA:298,0
DA:299,0
DA:304,0
DA:305,0
DA:315,0
DA:316,0
DA:319,0
DA:320,0
DA:322,0
DA:323,0
DA:324,0
DA:328,0
DA:329,0
DA:332,0
DA:333,0
DA:334,0
DA:339,0
DA:341,0
DA:345,0
DA:346,0
DA:347,0
DA:351,0
DA:352,0
DA:353,0
DA:357,0
DA:358,0
DA:359,0
DA:360,0
DA:361,0
DA:362,0
LF:106
LH:0
BRDA:43,0,0,0
BRDA:57,1,0,0
BRDA:57,1,1,0
BRDA:70,2,0,0
BRDA:70,2,1,0
BRDA:93,3,0,0
BRDA:103,4,0,0
BRDA:103,4,1,0
BRDA:103,5,0,0
BRDA:103,5,1,0
BRDA:147,6,0,0
BRDA:151,7,0,0
BRDA:151,7,1,0
BRDA:167,8,0,0
BRDA:170,9,0,0
BRDA:170,9,1,0
BRDA:219,10,0,0
BRDA:219,10,1,0
BRDA:221,11,0,0
BRDA:221,11,1,0
BRDA:259,12,0,0
BRDA:259,12,1,0
BRDA:260,13,0,0
BRDA:260,13,1,0
BRDA:264,14,0,0
BRDA:264,14,1,0
BRDA:267,15,0,0
BRDA:267,16,0,0
BRDA:267,16,1,0
BRDA:269,17,0,0
BRDA:269,17,1,0
BRDA:283,18,0,0
BRDA:283,19,0,0
BRDA:283,19,1,0
BRDA:285,20,0,0
BRDA:307,21,0,0
BRDA:307,21,1,0
BRDA:322,22,0,0
BRDA:351,23,0,0
BRDA:361,24,0,0
BRF:40
BRH:0
end_of_record
TN:
SF:src/servers/multi-transport-server.ts
FN:90,shouldLog
FN:94,sanitizeForLogging
FN:122,log
FN:190,(anonymous_3)
FN:216,(anonymous_4)
FN:222,(anonymous_5)
FN:228,(anonymous_6)
FN:267,ensureAuthenticated
FN:337,createMCPServer
FN:352,(anonymous_9)
FN:357,(anonymous_10)
FN:425,_shouldLogToMCPClient
FN:431,logToMCPClient
FN:444,(anonymous_13)
FN:457,(anonymous_14)
FN:485,(anonymous_15)
FN:538,(anonymous_16)
FN:572,(anonymous_17)
FN:732,(anonymous_18)
FN:776,(anonymous_19)
FN:1038,(anonymous_20)
FN:1105,(anonymous_21)
FN:1196,(anonymous_22)
FN:1197,(anonymous_23)
FN:1203,(anonymous_24)
FN:1220,(anonymous_25)
FN:1283,(anonymous_26)
FN:1295,(anonymous_27)
FN:1318,(anonymous_28)
FN:1325,(anonymous_29)
FN:1330,(anonymous_30)
FN:1341,handleMCPMessage
FN:1363,(anonymous_32)
FN:1430,(anonymous_33)
FN:1579,(anonymous_34)
FN:1592,(anonymous_35)
FNF:36
FNH:0
FNDA:0,shouldLog
FNDA:0,sanitizeForLogging
FNDA:0,log
FNDA:0,(anonymous_3)
FNDA:0,(anonymous_4)
FNDA:0,(anonymous_5)
FNDA:0,(anonymous_6)
FNDA:0,ensureAuthenticated
FNDA:0,createMCPServer
FNDA:0,(anonymous_9)
FNDA:0,(anonymous_10)
FNDA:0,_shouldLogToMCPClient
FNDA:0,logToMCPClient
FNDA:0,(anonymous_13)
FNDA:0,(anonymous_14)
FNDA:0,(anonymous_15)
FNDA:0,(anonymous_16)
FNDA:0,(anonymous_17)
FNDA:0,(anonymous_18)
FNDA:0,(anonymous_19)
FNDA:0,(anonymous_20)
FNDA:0,(anonymous_21)
FNDA:0,(anonymous_22)
FNDA:0,(anonymous_23)
FNDA:0,(anonymous_24)
FNDA:0,(anonymous_25)
FNDA:0,(anonymous_26)
FNDA:0,(anonymous_27)
FNDA:0,(anonymous_28)
FNDA:0,(anonymous_29)
FNDA:0,(anonymous_30)
FNDA:0,handleMCPMessage
FNDA:0,(anonymous_32)
FNDA:0,(anonymous_33)
FNDA:0,(anonymous_34)
FNDA:0,(anonymous_35)
DA:30,0
DA:49,0
DA:50,0
DA:53,0
DA:54,0
DA:55,0
DA:56,0
DA:59,0
DA:60,0
DA:61,0
DA:62,0
DA:65,0
DA:66,0
DA:67,0
DA:70,0
DA:71,0
DA:74,0
DA:91,0
DA:95,0
DA:96,0
DA:99,0
DA:100,0
DA:106,0
DA:107,0
DA:108,0
DA:110,0
DA:114,0
DA:119,0
DA:123,0
DA:124,0
DA:127,0
DA:135,0
DA:137,0
DA:140,0
DA:147,0
DA:154,0
DA:156,0
DA:158,0
DA:159,0
DA:162,0
DA:163,0
DA:166,0
DA:171,0
DA:182,0
DA:185,0
DA:190,0
DA:191,0
DA:192,0
DA:195,0
DA:198,0
DA:211,0
DA:212,0
DA:213,0
DA:216,0
DA:217,0
DA:218,0
DA:222,0
DA:223,0
DA:224,0
DA:228,0
DA:229,0
DA:231,0
DA:240,0
DA:243,0
DA:248,0
DA:249,0
DA:251,0
DA:263,0
DA:264,0
DA:269,0
DA:270,0
DA:274,0
DA:275,0
DA:276,0
DA:277,0
DA:278,0
DA:280,0
DA:282,0
DA:283,0
DA:284,0
DA:285,0
DA:287,0
DA:291,0
DA:295,0
DA:296,0
DA:298,0
DA:299,0
DA:304,0
DA:305,0
DA:309,0
DA:310,0
DA:314,0
DA:317,0
DA:318,0
DA:321,0
DA:325,0
DA:326,0
DA:329,0
DA:338,0
DA:352,0
DA:353,0
DA:357,0
DA:358,0
DA:360,0
DA:362,0
DA:363,0
DA:365,0
DA:367,0
DA:368,0
DA:373,0
DA:374,0
DA:375,0
DA:378,0
DA:380,0
DA:389,0
DA:394,0
DA:396,0
DA:397,0
DA:399,0
DA:405,0
DA:409,0
DA:421,0
DA:426,0
DA:427,0
DA:433,0
DA:434,0
DA:444,0
DA:445,0
DA:457,0
DA:458,0
DA:485,0
DA:486,0
DA:538,0
DA:541,0
DA:572,0
DA:573,0
DA:574,0
DA:580,0
DA:729,0
DA:730,0
DA:732,0
DA:734,0
DA:736,0
DA:738,0
DA:751,0
DA:753,0
DA:761,0
DA:767,0
DA:773,0
DA:777,0
DA:778,0
DA:781,0
DA:782,0
DA:783,0
DA:785,0
DA:793,0
DA:794,0
DA:801,0
DA:802,0
DA:803,0
DA:804,0
DA:805,0
DA:811,0
DA:812,0
DA:813,0
DA:814,0
DA:815,0
DA:816,0
DA:821,0
DA:826,0
DA:827,0
DA:828,0
DA:831,0
DA:838,0
DA:839,0
DA:848,0
DA:852,0
DA:854,0
DA:856,0
DA:1022,0
DA:1023,0
DA:1024,0
DA:1025,0
DA:1027,0
DA:1031,0
DA:1038,0
DA:1039,0
DA:1040,0
DA:1042,0
DA:1050,0
DA:1054,0
DA:1055,0
DA:1058,0
DA:1060,0
DA:1073,0
DA:1075,0
DA:1083,0
DA:1095,0
DA:1096,0
DA:1105,0
DA:1106,0
DA:1107,0
DA:1109,0
DA:1111,0
DA:1112,0
DA:1118,0
DA:1119,0
DA:1126,0
DA:1127,0
DA:1129,0
DA:1130,0
DA:1137,0
DA:1138,0
DA:1139,0
DA:1146,0
DA:1147,0
DA:1154,0
DA:1156,0
DA:1157,0
DA:1163,0
DA:1166,0
DA:1174,0
DA:1175,0
DA:1182,0
DA:1184,0
DA:1187,0
DA:1196,0
DA:1197,0
DA:1198,0
DA:1203,0
DA:1204,0
DA:1219,0
DA:1220,0
DA:1221,0
DA:1222,0
DA:1224,0
DA:1226,0
DA:1231,0
DA:1232,0
DA:1233,0
DA:1234,0
DA:1237,0
DA:1240,0
DA:1242,0
DA:1243,0
DA:1244,0
DA:1245,0
DA:1246,0
DA:1250,0
DA:1254,0
DA:1257,0
DA:1260,0
DA:1261,0
DA:1263,0
DA:1267,0
DA:1270,0
DA:1283,0
DA:1284,0
DA:1294,0
DA:1295,0
DA:1296,0
DA:1297,0
DA:1299,0
DA:1302,0
DA:1303,0
DA:1304,0
DA:1305,0
DA:1308,0
DA:1310,0
DA:1311,0
DA:1312,0
DA:1315,0
DA:1316,0
DA:1318,0
DA:1319,0
DA:1320,0
DA:1321,0
DA:1325,0
DA:1326,0
DA:1330,0
DA:1331,0
DA:1345,0
DA:1346,0
DA:1348,0
DA:1360,0
DA:1361,0
DA:1363,0
DA:1365,0
DA:1367,0
DA:1368,0
DA:1369,0
DA:1370,0
DA:1371,0
DA:1373,0
DA:1375,0
DA:1376,0
DA:1380,0
DA:1382,0
DA:1397,0
DA:1401,0
DA:1406,0
DA:1407,0
DA:1412,0
DA:1413,0
DA:1416,0
DA:1417,0
DA:1426,0
DA:1430,0
DA:1431,0
DA:1432,0
DA:1433,0
DA:1442,0
DA:1445,0
DA:1447,0
DA:1458,0
DA:1459,0
DA:1461,0
DA:1462,0
DA:1464,0
DA:1465,0
DA:1467,0
DA:1471,0
DA:1473,0
DA:1474,0
DA:1478,0
DA:1489,0
DA:1491,0
DA:1494,0
DA:1495,0
DA:1504,0
DA:1507,0
DA:1508,0
DA:1510,0
DA:1511,0
DA:1520,0
DA:1525,0
DA:1526,0
DA:1528,0
DA:1529,0
DA:1531,0
DA:1538,0
DA:1539,0
DA:1551,0
DA:1552,0
DA:1565,0
DA:1566,0
DA:1579,0
DA:1580,0
DA:1581,0
DA:1582,0
DA:1586,0
DA:1587,0
DA:1588,0
DA:1592,0
DA:1593,0
LF:355
LH:0
BRDA:53,0,0,0
BRDA:60,1,0,0
BRDA:60,1,1,0
BRDA:61,2,0,0
BRDA:61,2,1,0
BRDA:62,3,0,0
BRDA:62,3,1,0
BRDA:70,4,0,0
BRDA:70,4,1,0
BRDA:71,5,0,0
BRDA:71,5,1,0
BRDA:95,6,0,0
BRDA:95,7,0,0
BRDA:95,7,1,0
BRDA:107,8,0,0
BRDA:108,9,0,0
BRDA:108,9,1,0
BRDA:110,10,0,0
BRDA:110,10,1,0
BRDA:123,11,0,0
BRDA:131,12,0,0
BRDA:131,12,1,0
BRDA:132,13,0,0
BRDA:132,13,1,0
BRDA:135,14,0,0
BRDA:135,14,1,0
BRDA:158,15,0,0
BRDA:162,16,0,0
BRDA:204,17,0,0
BRDA:204,17,1,0
BRDA:207,18,0,0
BRDA:207,18,1,0
BRDA:207,19,0,0
BRDA:207,19,1,0
BRDA:234,20,0,0
BRDA:234,20,1,0
BRDA:234,21,0,0
BRDA:234,21,1,0
BRDA:234,21,2,0
BRDA:244,22,0,0
BRDA:244,22,1,0
BRDA:269,23,0,0
BRDA:275,24,0,0
BRDA:275,25,0,0
BRDA:275,25,1,0
BRDA:277,26,0,0
BRDA:277,26,1,0
BRDA:280,27,0,0
BRDA:280,27,1,0
BRDA:280,28,0,0
BRDA:280,28,1,0
BRDA:298,29,0,0
BRDA:298,29,1,0
BRDA:298,30,0,0
BRDA:298,30,1,0
BRDA:363,31,0,0
BRDA:363,31,1,0
BRDA:365,32,0,0
BRDA:365,32,1,0
BRDA:374,33,0,0
BRDA:378,34,0,0
BRDA:378,34,1,0
BRDA:394,35,0,0
BRDA:397,36,0,0
BRDA:397,36,1,0
BRDA:426,37,0,0
BRDA:426,37,1,0
BRDA:433,38,0,0
BRDA:433,38,1,0
BRDA:559,39,0,0
BRDA:559,39,1,0
BRDA:560,40,0,0
BRDA:560,40,1,0
BRDA:574,41,0,0
BRDA:574,41,1,0
BRDA:576,42,0,0
BRDA:576,42,1,0
BRDA:607,43,0,0
BRDA:607,43,1,0
BRDA:607,44,0,0
BRDA:607,44,1,0
BRDA:612,45,0,0
BRDA:612,45,1,0
BRDA:614,46,0,0
BRDA:614,46,1,0
BRDA:630,47,0,0
BRDA:630,47,1,0
BRDA:638,48,0,0
BRDA:638,48,1,0
BRDA:729,49,0,0
BRDA:729,49,1,0
BRDA:730,50,0,0
BRDA:730,50,1,0
BRDA:736,51,0,0
BRDA:736,51,1,0
BRDA:781,52,0,0
BRDA:781,53,0,0
BRDA:781,53,1,0
BRDA:783,54,0,0
BRDA:783,54,1,0
BRDA:801,55,0,0
BRDA:801,56,0,0
BRDA:801,56,1,0
BRDA:803,57,0,0
BRDA:812,58,0,0
BRDA:826,59,0,0
BRDA:826,59,1,0
BRDA:826,60,0,0
BRDA:826,60,1,0
BRDA:838,61,0,0
BRDA:838,61,1,0
BRDA:854,62,0,0
BRDA:854,62,1,0
BRDA:956,63,0,0
BRDA:956,63,1,0
BRDA:1024,64,0,0
BRDA:1058,65,0,0
BRDA:1058,65,1,0
BRDA:1062,66,0,0
BRDA:1062,66,1,0
BRDA:1063,67,0,0
BRDA:1063,67,1,0
BRDA:1064,68,0,0
BRDA:1064,68,1,0
BRDA:1065,69,0,0
BRDA:1065,69,1,0
BRDA:1067,70,0,0
BRDA:1067,70,1,0
BRDA:1068,71,0,0
BRDA:1068,71,1,0
BRDA:1098,72,0,0
BRDA:1098,72,1,0
BRDA:1111,73,0,0
BRDA:1118,74,0,0
BRDA:1126,75,0,0
BRDA:1126,75,1,0
BRDA:1129,76,0,0
BRDA:1137,77,0,0
BRDA:1146,78,0,0
BRDA:1146,79,0,0
BRDA:1146,79,1,0
BRDA:1156,80,0,0
BRDA:1174,81,0,0
BRDA:1174,81,1,0
BRDA:1191,82,0,0
BRDA:1191,82,1,0
BRDA:1206,83,0,0
BRDA:1206,83,1,0
BRDA:1219,84,0,0
BRDA:1219,84,1,0
BRDA:1226,85,0,0
BRDA:1226,85,1,0
BRDA:1226,85,2,0
BRDA:1232,86,0,0
BRDA:1232,86,1,0
BRDA:1242,87,0,0
BRDA:1260,88,0,0
BRDA:1260,88,1,0
BRDA:1275,89,0,0
BRDA:1275,89,1,0
BRDA:1294,90,0,0
BRDA:1294,90,1,0
BRDA:1303,91,0,0
BRDA:1310,92,0,0
BRDA:1346,93,0,0
BRDA:1360,94,0,0
BRDA:1360,94,1,0
BRDA:1361,95,0,0
BRDA:1361,95,1,0
BRDA:1367,96,0,0
BRDA:1368,97,0,0
BRDA:1368,97,1,0
BRDA:1370,98,0,0
BRDA:1370,98,1,0
BRDA:1380,99,0,0
BRDA:1380,99,1,0
BRDA:1397,100,0,0
BRDA:1397,100,1,0
BRDA:1406,101,0,0
BRDA:1406,101,1,0
BRDA:1412,102,0,0
BRDA:1412,102,1,0
BRDA:1416,103,0,0
BRDA:1416,104,0,0
BRDA:1416,104,1,0
BRDA:1432,105,0,0
BRDA:1445,106,0,0
BRDA:1445,106,1,0
BRDA:1461,107,0,0
BRDA:1465,108,0,0
BRDA:1465,108,1,0
BRDA:1489,109,0,0
BRDA:1489,109,1,0
BRDA:1494,110,0,0
BRDA:1494,111,0,0
BRDA:1494,111,1,0
BRDA:1510,112,0,0
BRDA:1557,113,0,0
BRDA:1557,113,1,0
BRDA:1571,114,0,0
BRDA:1571,114,1,0
BRDA:1586,115,0,0
BRDA:1597,116,0,0
BRDA:1597,116,1,0
BRDA:1599,117,0,0
BRDA:1599,117,1,0
BRDA:1600,118,0,0
BRDA:1600,118,1,0
BRF:208
BRH:0
end_of_record
TN:
SF:src/servers/stdio-server.ts
FN:70,(anonymous_0)
FN:77,(anonymous_1)
FN:135,main
FN:145,(anonymous_3)
FNF:4
FNH:0
FNDA:0,(anonymous_0)
FNDA:0,(anonymous_1)
FNDA:0,main
FNDA:0,(anonymous_3)
DA:16,0
DA:29,0
DA:30,0
DA:32,0
DA:33,0
DA:34,0
DA:37,0
DA:38,0
DA:40,0
DA:41,0
DA:45,0
DA:46,0
DA:48,0
DA:49,0
DA:50,0
DA:54,0
DA:67,0
DA:70,0
DA:71,0
DA:77,0
DA:78,0
DA:80,0
DA:81,0
DA:83,0
DA:84,0
DA:87,0
DA:89,0
DA:98,0
DA:103,0
DA:105,0
DA:106,0
DA:108,0
DA:113,0
DA:115,0
DA:116,0
DA:119,0
DA:122,0
DA:136,0
DA:137,0
DA:138,0
DA:139,0
DA:140,0
DA:142,0
DA:145,0
DA:146,0
DA:147,0
LF:46
LH:0
BRDA:40,0,0,0
BRDA:40,0,1,0
BRDA:40,1,0,0
BRDA:40,1,1,0
BRDA:83,2,0,0
BRDA:87,3,0,0
BRDA:87,3,1,0
BRDA:103,4,0,0
BRDA:103,4,1,0
BRDA:106,5,0,0
BRDA:106,5,1,0
BRDA:139,6,0,0
BRDA:139,7,0,0
BRDA:139,7,1,0
BRDA:142,8,0,0
BRDA:142,8,1,0
BRF:16
BRH:0
end_of_record
TN:
SF:src/utils/core/cli-config.ts
FN:59,parseConfig
FN:69,(anonymous_1)
FN:81,(anonymous_2)
FN:111,(anonymous_3)
FN:142,parseOAuthConfig
FN:182,validateConfig
FN:221,displayConfig
FN:260,printUsage
FNF:8
FNH:0
FNDA:0,parseConfig
FNDA:0,(anonymous_1)
FNDA:0,(anonymous_2)
FNDA:0,(anonymous_3)
FNDA:0,parseOAuthConfig
FNDA:0,validateConfig
FNDA:0,displayConfig
FNDA:0,printUsage
DA:60,0
DA:63,0
DA:64,0
DA:65,0
DA:69,0
DA:70,0
DA:71,0
DA:72,0
DA:74,0
DA:75,0
DA:77,0
DA:81,0
DA:82,0
DA:87,0
DA:92,0
DA:93,0
DA:94,0
DA:97,0
DA:99,0
DA:104,0
DA:110,0
DA:111,0
DA:112,0
DA:113,0
DA:116,0
DA:117,0
DA:120,0
DA:122,0
DA:143,0
DA:144,0
DA:145,0
DA:146,0
DA:149,0
DA:150,0
DA:153,0
DA:154,0
DA:156,0
DA:170,0
DA:171,0
DA:172,0
DA:173,0
DA:176,0
DA:183,0
DA:184,0
DA:185,0
DA:186,0
DA:187,0
DA:188,0
DA:189,0
DA:190,0
DA:191,0
DA:192,0
DA:193,0
DA:194,0
DA:195,0
DA:196,0
DA:199,0
DA:200,0
DA:201,0
DA:202,0
DA:205,0
DA:206,0
DA:207,0
DA:208,0
DA:211,0
DA:212,0
DA:213,0
DA:214,0
DA:222,0
DA:224,0
DA:225,0
DA:235,0
DA:236,0
DA:237,0
DA:238,0
DA:239,0
DA:240,0
DA:242,0
DA:244,0
DA:245,0
DA:246,0
DA:247,0
DA:248,0
DA:249,0
DA:251,0
DA:252,0
DA:261,0
LF:87
LH:0
BRDA:63,0,0,0
BRDA:63,1,0,0
BRDA:63,1,1,0
BRDA:72,2,0,0
BRDA:72,2,1,0
BRDA:74,3,0,0
BRDA:74,4,0,0
BRDA:74,4,1,0
BRDA:82,5,0,0
BRDA:82,5,1,0
BRDA:87,6,0,0
BRDA:87,6,1,0
BRDA:87,6,2,0
BRDA:92,7,0,0
BRDA:92,7,1,0
BRDA:92,7,2,0
BRDA:93,8,0,0
BRDA:93,8,1,0
BRDA:94,9,0,0
BRDA:94,9,1,0
BRDA:94,9,2,0
BRDA:97,10,0,0
BRDA:97,10,1,0
BRDA:99,11,0,0
BRDA:99,11,1,0
BRDA:99,11,2,0
BRDA:104,12,0,0
BRDA:104,12,1,0
BRDA:104,12,2,0
BRDA:110,13,0,0
BRDA:110,13,1,0
BRDA:111,14,0,0
BRDA:111,14,1,0
BRDA:112,15,0,0
BRDA:112,15,1,0
BRDA:112,16,0,0
BRDA:112,16,1,0
BRDA:112,16,2,0
BRDA:113,17,0,0
BRDA:113,17,1,0
BRDA:116,18,0,0
BRDA:116,18,1,0
BRDA:116,18,2,0
BRDA:117,19,0,0
BRDA:117,19,1,0
BRDA:117,19,2,0
BRDA:143,20,0,0
BRDA:143,20,1,0
BRDA:144,21,0,0
BRDA:144,21,1,0
BRDA:145,22,0,0
BRDA:145,22,1,0
BRDA:146,23,0,0
BRDA:146,23,1,0
BRDA:146,23,2,0
BRDA:149,24,0,0
BRDA:149,25,0,0
BRDA:149,25,1,0
BRDA:149,25,2,0
BRDA:153,26,0,0
BRDA:153,26,1,0
BRDA:154,27,0,0
BRDA:154,27,1,0
BRDA:164,28,0,0
BRDA:164,28,1,0
BRDA:170,29,0,0
BRDA:183,30,0,0
BRDA:183,31,0,0
BRDA:183,31,1,0
BRDA:199,32,0,0
BRDA:205,33,0,0
BRDA:211,34,0,0
BRDA:224,35,0,0
BRDA:224,35,1,0
BRDA:232,36,0,0
BRDA:232,36,1,0
BRDA:235,37,0,0
BRDA:235,37,1,0
BRDA:236,38,0,0
BRDA:236,38,1,0
BRDA:237,39,0,0
BRDA:238,40,0,0
BRDA:238,40,1,0
BRDA:239,41,0,0
BRDA:240,42,0,0
BRDA:240,42,1,0
BRDA:242,43,0,0
BRDA:242,43,1,0
BRDA:244,44,0,0
BRDA:244,44,1,0
BRDA:244,45,0,0
BRDA:244,45,1,0
BRDA:245,46,0,0
BRDA:245,46,1,0
BRDA:246,47,0,0
BRDA:246,47,1,0
BRDA:247,48,0,0
BRDA:247,48,1,0
BRDA:247,49,0,0
BRDA:247,49,1,0
BRDA:248,50,0,0
BRDA:249,51,0,0
BRDA:249,51,1,0
BRDA:251,52,0,0
BRDA:252,53,0,0
BRDA:252,53,1,0
BRF:106
BRH:0
end_of_record
TN:
SF:src/utils/core/lm-error.ts
FN:13,(anonymous_0)
FN:42,(anonymous_1)
FN:65,(anonymous_2)
FNF:3
FNH:0
FNDA:0,(anonymous_0)
FNDA:0,(anonymous_1)
FNDA:0,(anonymous_2)
DA:24,0
DA:25,0
DA:26,0
DA:27,0
DA:28,0
DA:29,0
DA:30,0
DA:31,0
DA:34,0
DA:35,0
DA:43,0
DA:45,0
DA:46,0
DA:49,0
DA:50,0
DA:53,0
DA:54,0
DA:57,0
DA:59,0
DA:66,0
LF:20
LH:0
BRDA:34,0,0,0
BRDA:45,1,0,0
BRDA:49,2,0,0
BRDA:53,3,0,0
BRF:4
BRH:0
end_of_record
TN:
SF:src/utils/core/oauth-strategy.ts
FN:31,configureOAuthStrategy
FN:36,(anonymous_1)
FN:41,(anonymous_2)
FN:49,createStrategy
FN:77,createGitHubStrategy
FN:85,(anonymous_5)
FN:108,createGoogleStrategy
FN:118,(anonymous_7)
FN:151,createAzureStrategy
FN:163,(anonymous_9)
FN:195,createOktaStrategy
FN:210,(anonymous_11)
FN:242,createAuth0Strategy
FN:257,(anonymous_13)
FN:290,createCustomStrategy
FN:304,(anonymous_15)
FN:341,getRefreshTokenFunction
FN:361,refreshGoogleToken
FN:393,refreshAzureToken
FN:429,refreshOktaToken
FN:462,refreshAuth0Token
FN:495,refreshCustomToken
FNF:22
FNH:0
FNDA:0,configureOAuthStrategy
FNDA:0,(anonymous_1)
FNDA:0,(anonymous_2)
FNDA:0,createStrategy
FNDA:0,createGitHubStrategy
FNDA:0,(anonymous_5)
FNDA:0,createGoogleStrategy
FNDA:0,(anonymous_7)
FNDA:0,createAzureStrategy
FNDA:0,(anonymous_9)
FNDA:0,createOktaStrategy
FNDA:0,(anonymous_11)
FNDA:0,createAuth0Strategy
FNDA:0,(anonymous_13)
FNDA:0,createCustomStrategy
FNDA:0,(anonymous_15)
FNDA:0,getRefreshTokenFunction
FNDA:0,refreshGoogleToken
FNDA:0,refreshAzureToken
FNDA:0,refreshOktaToken
FNDA:0,refreshAuth0Token
FNDA:0,refreshCustomToken
DA:32,0
DA:33,0
DA:36,0
DA:37,0
DA:41,0
DA:42,0
DA:50,0
DA:52,0
DA:55,0
DA:58,0
DA:61,0
DA:64,0
DA:67,0
DA:70,0
DA:78,0
DA:86,0
DA:100,0
DA:109,0
DA:119,0
DA:121,0
DA:124,0
DA:126,0
DA:140,0
DA:142,0
DA:152,0
DA:154,0
DA:164,0
DA:166,0
DA:169,0
DA:171,0
DA:184,0
DA:186,0
DA:196,0
DA:197,0
DA:198,0
DA:201,0
DA:211,0
DA:213,0
DA:216,0
DA:218,0
DA:231,0
DA:233,0
DA:243,0
DA:244,0
DA:245,0
DA:248,0
DA:258,0
DA:260,0
DA:263,0
DA:265,0
DA:279,0
DA:281,0
DA:291,0
DA:292,0
DA:295,0
DA:305,0
DA:306,0
DA:309,0
DA:310,0
DA:313,0
DA:316,0
DA:330,0
DA:332,0
DA:342,0
DA:344,0
DA:346,0
DA:348,0
DA:350,0
DA:352,0
DA:354,0
DA:362,0
DA:363,0
DA:365,0
DA:376,0
DA:377,0
DA:380,0
DA:381,0
DA:394,0
DA:395,0
DA:396,0
DA:398,0
DA:412,0
DA:413,0
DA:416,0
DA:417,0
DA:430,0
DA:431,0
DA:432,0
DA:434,0
DA:445,0
DA:446,0
DA:449,0
DA:450,0
DA:463,0
DA:464,0
DA:465,0
DA:467,0
DA:478,0
DA:479,0
DA:482,0
DA:483,0
DA:496,0
DA:497,0
DA:498,0
DA:500,0
DA:501,0
DA:504,0
DA:515,0
DA:516,0
DA:519,0
DA:520,0
LF:111
LH:0
BRDA:50,0,0,0
BRDA:50,0,1,0
BRDA:50,0,2,0
BRDA:50,0,3,0
BRDA:50,0,4,0
BRDA:50,0,5,0
BRDA:50,0,6,0
BRDA:83,1,0,0
BRDA:83,1,1,0
BRDA:116,2,0,0
BRDA:116,2,1,0
BRDA:136,3,0,0
BRDA:136,3,1,0
BRDA:152,4,0,0
BRDA:152,4,1,0
BRDA:161,5,0,0
BRDA:161,5,1,0
BRDA:175,6,0,0
BRDA:175,6,1,0
BRDA:180,7,0,0
BRDA:180,7,1,0
BRDA:197,8,0,0
BRDA:208,9,0,0
BRDA:208,9,1,0
BRDA:220,10,0,0
BRDA:220,10,1,0
BRDA:227,11,0,0
BRDA:227,11,1,0
BRDA:244,12,0,0
BRDA:255,13,0,0
BRDA:255,13,1,0
BRDA:267,14,0,0
BRDA:267,14,1,0
BRDA:275,15,0,0
BRDA:275,15,1,0
BRDA:291,16,0,0
BRDA:291,17,0,0
BRDA:291,17,1,0
BRDA:309,18,0,0
BRDA:317,19,0,0
BRDA:317,19,1,0
BRDA:317,19,2,0
BRDA:318,20,0,0
BRDA:318,20,1,0
BRDA:318,20,2,0
BRDA:319,21,0,0
BRDA:319,21,1,0
BRDA:321,22,0,0
BRDA:321,22,1,0
BRDA:326,23,0,0
BRDA:326,23,1,0
BRDA:342,24,0,0
BRDA:342,24,1,0
BRDA:342,24,2,0
BRDA:342,24,3,0
BRDA:342,24,4,0
BRDA:342,24,5,0
BRDA:376,25,0,0
BRDA:383,26,0,0
BRDA:383,26,1,0
BRDA:394,27,0,0
BRDA:394,27,1,0
BRDA:412,28,0,0
BRDA:419,29,0,0
BRDA:419,29,1,0
BRDA:445,30,0,0
BRDA:452,31,0,0
BRDA:452,31,1,0
BRDA:478,32,0,0
BRDA:485,33,0,0
BRDA:485,33,1,0
BRDA:500,34,0,0
BRDA:515,35,0,0
BRDA:522,36,0,0
BRDA:522,36,1,0
BRDA:523,37,0,0
BRDA:523,37,1,0
BRF:77
BRH:0
end_of_record
TN:
SF:src/utils/core/rate-limiter.ts
FN:36,(anonymous_0)
FN:56,(anonymous_1)
FN:65,(anonymous_2)
FN:76,(anonymous_3)
FN:91,(anonymous_4)
FN:105,(anonymous_5)
FN:116,(anonymous_6)
FN:158,(anonymous_7)
FN:165,(anonymous_8)
FN:172,(anonymous_9)
FN:173,(anonymous_10)
FNF:11
FNH:7
FNDA:3,(anonymous_0)
FNDA:23,(anonymous_1)
FNDA:5,(anonymous_2)
FNDA:4,(anonymous_3)
FNDA:2,(anonymous_4)
FNDA:5,(anonymous_5)
FNDA:0,(anonymous_6)
FNDA:3,(anonymous_7)
FNDA:0,(anonymous_8)
FNDA:0,(anonymous_9)
FNDA:0,(anonymous_10)
DA:25,2
DA:26,2
DA:37,3
DA:38,3
DA:39,3
DA:41,3
DA:42,2
DA:45,1
DA:57,23
DA:58,23
DA:66,5
DA:67,5
DA:70,4
DA:77,4
DA:78,4
DA:84,4
DA:85,4
DA:92,2
DA:93,2
DA:95,1
DA:96,1
DA:99,1
DA:106,5
DA:107,3
DA:108,3
DA:110,2
DA:121,0
DA:124,0
DA:125,0
DA:127,0
DA:128,0
DA:129,0
DA:130,0
DA:134,0
DA:136,0
DA:138,0
DA:139,0
DA:142,0
DA:143,0
DA:147,0
DA:148,0
DA:152,0
DA:159,3
DA:166,0
DA:173,0
DA:178,2
LF:46
LH:28
BRDA:37,0,0,3
BRDA:37,0,1,1
BRDA:38,1,0,3
BRDA:38,1,1,2
BRDA:39,2,0,3
BRDA:39,2,1,2
BRDA:41,3,0,2
BRDA:41,4,0,3
BRDA:41,4,1,2
BRDA:41,4,2,1
BRDA:57,5,0,23
BRDA:65,6,0,3
BRDA:67,7,0,1
BRDA:93,8,0,1
BRDA:93,9,0,2
BRDA:93,9,1,1
BRDA:106,10,0,3
BRDA:108,11,0,3
BRDA:108,11,1,2
BRDA:127,12,0,0
BRDA:129,13,0,0
BRDA:136,14,0,0
BRDA:136,14,1,0
BRDA:138,15,0,0
BRDA:142,16,0,0
BRDA:152,17,0,0
BRDA:152,17,1,0
BRF:27
BRH:19
end_of_record
TN:
SF:src/utils/core/token-refresh.ts
FN:31,registerSession
FN:45,getSession
FN:52,updateSessionTokens
FN:67,removeSession
FN:83,scheduleTokenRefresh
FN:110,(anonymous_5)
FN:112,(anonymous_6)
FN:126,refreshSessionToken
FN:160,registerRefreshCallback
FN:167,needsRefresh
FN:181,getValidToken
FN:205,getActiveSessions
FN:218,(anonymous_12)
FN:233,cleanupExpiredSessions
FN:237,(anonymous_14)
FN:252,startPeriodicCleanup
FN:253,(anonymous_16)
FNF:17
FNH:0
FNDA:0,registerSession
FNDA:0,getSession
FNDA:0,updateSessionTokens
FNDA:0,removeSession
FNDA:0,scheduleTokenRefresh
FNDA:0,(anonymous_5)
FNDA:0,(anonymous_6)
FNDA:0,refreshSessionToken
FNDA:0,registerRefreshCallback
FNDA:0,needsRefresh
FNDA:0,getValidToken
FNDA:0,getActiveSessions
FNDA:0,(anonymous_12)
FNDA:0,cleanupExpiredSessions
FNDA:0,(anonymous_14)
FNDA:0,startPeriodicCleanup
FNDA:0,(anonymous_16)
DA:23,0
DA:26,0
DA:32,0
DA:39,0
DA:46,0
DA:53,0
DA:54,0
DA:55,0
DA:56,0
DA:57,0
DA:60,0
DA:69,0
DA:70,0
DA:71,0
DA:72,0
DA:76,0
DA:85,0
DA:86,0
DA:87,0
DA:90,0
DA:91,0
DA:92,0
DA:95,0
DA:96,0
DA:97,0
DA:100,0
DA:101,0
DA:104,0
DA:105,0
DA:106,0
DA:110,0
DA:111,0
DA:112,0
DA:113,0
DA:117,0
DA:119,0
DA:120,0
DA:127,0
DA:128,0
DA:129,0
DA:133,0
DA:134,0
DA:135,0
DA:138,0
DA:139,0
DA:140,0
DA:141,0
DA:143,0
DA:145,0
DA:146,0
DA:155,0
DA:161,0
DA:168,0
DA:169,0
DA:170,0
DA:173,0
DA:174,0
DA:175,0
DA:182,0
DA:183,0
DA:184,0
DA:188,0
DA:189,0
DA:190,0
DA:191,0
DA:192,0
DA:194,0
DA:195,0
DA:199,0
DA:216,0
DA:218,0
DA:219,0
DA:227,0
DA:234,0
DA:235,0
DA:237,0
DA:239,0
DA:240,0
DA:241,0
DA:245,0
DA:253,0
DA:254,0
DA:255,0
DA:256,0
LF:84
LH:0
BRDA:54,0,0,0
BRDA:70,1,0,0
BRDA:86,2,0,0
BRDA:91,3,0,0
BRDA:91,4,0,0
BRDA:91,4,1,0
BRDA:104,5,0,0
BRDA:104,6,0,0
BRDA:104,6,1,0
BRDA:128,7,0,0
BRDA:128,8,0,0
BRDA:128,8,1,0
BRDA:134,9,0,0
BRDA:167,10,0,0
BRDA:169,11,0,0
BRDA:183,12,0,0
BRDA:188,13,0,0
BRDA:192,14,0,0
BRDA:192,14,1,0
BRDA:221,15,0,0
BRDA:221,15,1,0
BRDA:221,15,2,0
BRDA:239,16,0,0
BRDA:239,17,0,0
BRDA:239,17,1,0
BRDA:252,18,0,0
BRDA:255,19,0,0
BRF:27
BRH:0
end_of_record
TN:
SF:src/utils/helpers/batch-processor.ts
FN:54,(anonymous_0)
FN:75,(anonymous_1)
FN:83,(anonymous_2)
FN:120,(anonymous_3)
FN:121,(anonymous_4)
FN:137,(anonymous_5)
FN:152,(anonymous_6)
FN:163,(anonymous_7)
FNF:8
FNH:0
FNDA:0,(anonymous_0)
FNDA:0,(anonymous_1)
FNDA:0,(anonymous_2)
FNDA:0,(anonymous_3)
FNDA:0,(anonymous_4)
FNDA:0,(anonymous_5)
FNDA:0,(anonymous_6)
FNDA:0,(anonymous_7)
DA:66,0
DA:68,0
DA:69,0
DA:70,0
DA:73,0
DA:74,0
DA:75,0
DA:76,0
DA:78,0
DA:81,0
DA:82,0
DA:83,0
DA:88,0
DA:91,0
DA:97,0
DA:98,0
DA:104,0
DA:105,0
DA:109,0
DA:110,0
DA:111,0
DA:116,0
DA:120,0
DA:121,0
DA:123,0
DA:142,0
DA:157,0
DA:168,0
DA:176,0
LF:29
LH:0
BRDA:57,0,0,0
BRDA:60,1,0,0
BRDA:61,2,0,0
BRDA:63,3,0,0
BRDA:64,4,0,0
BRDA:65,5,0,0
BRDA:81,6,0,0
BRDA:81,6,1,0
BRDA:97,7,0,0
BRDA:97,7,1,0
BRDA:104,8,0,0
BRDA:110,9,0,0
BRDA:155,10,0,0
BRDA:166,11,0,0
BRF:14
BRH:0
end_of_record
TN:
SF:src/utils/helpers/filters.ts
FN:24,formatLogicMonitorFilter
FN:30,(anonymous_1)
FN:46,formatFilterCondition
FN:62,(anonymous_3)
FN:89,needsQuoting
FN:119,escapeFilterValue
FN:132,autoFormatFilter
FN:153,(anonymous_7)
FNF:8
FNH:5
FNDA:20,formatLogicMonitorFilter
FNDA:29,(anonymous_1)
FNDA:23,formatFilterCondition
FNDA:2,(anonymous_3)
FNDA:22,needsQuoting
FNDA:0,escapeFilterValue
FNDA:0,autoFormatFilter
FNDA:0,(anonymous_7)
DA:25,20
DA:28,17
DA:30,17
DA:32,29
DA:33,6
DA:37,23
DA:40,17
DA:49,23
DA:51,23
DA:52,0
DA:55,23
DA:56,23
DA:57,23
DA:58,23
DA:61,23
DA:62,1
DA:63,2
DA:64,2
DA:65,0
DA:67,2
DA:69,1
DA:73,22
DA:74,2
DA:78,20
DA:79,15
DA:83,5
DA:91,22
DA:92,0
DA:96,22
DA:97,3
DA:101,19
DA:102,0
DA:106,19
DA:107,2
DA:111,17
DA:120,0
DA:136,0
DA:138,0
DA:141,0
DA:142,0
DA:146,0
DA:147,0
DA:151,0
DA:152,0
DA:153,0
DA:156,0
DA:165,2
DA:184,2
LF:48
LH:33
BRDA:25,0,0,3
BRDA:32,1,0,6
BRDA:51,2,0,0
BRDA:61,3,0,1
BRDA:61,4,0,23
BRDA:61,4,1,1
BRDA:64,5,0,0
BRDA:64,6,0,2
BRDA:64,6,1,0
BRDA:67,7,0,2
BRDA:67,7,1,0
BRDA:73,8,0,2
BRDA:73,9,0,22
BRDA:73,9,1,2
BRDA:78,10,0,15
BRDA:91,11,0,0
BRDA:91,12,0,22
BRDA:91,12,1,0
BRDA:96,13,0,3
BRDA:101,14,0,0
BRDA:106,15,0,2
BRDA:106,16,0,19
BRDA:106,16,1,18
BRDA:136,17,0,0
BRDA:141,18,0,0
BRDA:141,19,0,0
BRDA:141,19,1,0
BRDA:146,20,0,0
BRDA:146,21,0,0
BRDA:146,21,1,0
BRF:30
BRH:16
end_of_record
